[2026-02-19 10:21:07] =========================================
[2026-02-19 10:21:07] Piste Threads Minimal Automation
[2026-02-19 10:21:07] =========================================
[2026-02-19 10:21:07] STEP 1: Analyzing Threads Data...
No new posts to append.
Generating report...
Report generated and appended.
[2026-02-19 10:21:08] ✅ Data analysis complete
[2026-02-19 10:21:08] 📝 Agent task request created: /Users/ishikawasuguru/Threads_piste/AGENT_TASK_REQUEST.txt
[2026-02-19 10:21:08] =========================================
[2026-02-19 10:21:08] ✨ Minimal Automation Complete!
[2026-02-19 10:21:08] 📌 Next: Run /piste_threads_full_run in Antigravity
[2026-02-19 10:21:08] =========================================
[2026-02-26 06:39:08] =========================================
[2026-02-26 06:39:08] Piste Threads Minimal Automation
[2026-02-26 06:39:08] =========================================
[2026-02-26 06:39:08] STEP 1: Analyzing Threads Data...
No new posts to append.
Generating report...
Report generated and appended.
[2026-02-26 06:39:08] ✅ Data analysis complete
[2026-02-26 06:39:08] 📝 Agent task request created: /Users/ishikawasuguru/Threads_piste/AGENT_TASK_REQUEST.txt
[2026-02-26 06:39:09] =========================================
[2026-02-26 06:39:09] ✨ Minimal Automation Complete!
[2026-02-26 06:39:09] 📌 Next: Run /piste_threads_full_run in Antigravity
[2026-02-26 06:39:09] =========================================
[2026-03-05 06:46:56] =========================================
[2026-03-05 06:46:56] Piste Threads Minimal Automation
[2026-03-05 06:46:56] =========================================
[2026-03-05 06:46:56] STEP 1: Analyzing Threads Data...
No new posts to append.
Generating report...
Report generated and appended.
[2026-03-05 06:46:57] ✅ Data analysis complete
[2026-03-05 06:46:57] 📝 Agent task request created: /Users/ishikawasuguru/Threads_piste/AGENT_TASK_REQUEST.txt
[2026-03-05 06:46:57] =========================================
[2026-03-05 06:46:57] ✨ Minimal Automation Complete!
[2026-03-05 06:46:57] 📌 Next: Run /piste_threads_full_run in Antigravity
[2026-03-05 06:46:57] =========================================
